<?xml version="1.0" encoding="UTF-8"?>
<testsuite xmlns:xsi="http://www.w3.org/2001/XMLSchema-instance" xsi:noNamespaceSchemaLocation="https://maven.apache.org/surefire/maven-surefire-plugin/xsd/surefire-test-report-3.0.xsd" version="3.0" name="br.edu.exemplo.HeapTest" time="0.383" tests="16" errors="0" skipped="0" failures="0">
  <properties>
[...]
</properties>
  <testcase name="testEmptyInput" classname="br.edu.exemplo.HeapTest" time="0.117"/>
  <testcase name="testReadStringsStopsOnEOF" classname="br.edu.exemplo.HeapTest" time="0.026"/>
  <testcase name="testUpToFiveStrings" classname="br.edu.exemplo.HeapTest" time="0.002"/>
  <testcase name="testWithDuplicates" classname="br.edu.exemplo.HeapTest" time="0.003"/>
  <testcase name="testIOExceptionSimulationPlaceholder" classname="br.edu.exemplo.HeapTest" time="0.004"/>
  <testcase name="testWithUnicode" classname="br.edu.exemplo.HeapTest" time="0.006"/>
  <testcase name="testSixStringsResize" classname="br.edu.exemplo.HeapTest" time="0.003"/>
  <testcase name="testReadStringsStopsOnEmptyLine" classname="br.edu.exemplo.HeapTest" time="0.003"/>
  <testcase name="testAlreadySorted" classname="br.edu.exemplo.HeapTest" time="0.003"/>
  <testcase name="testIsSorted" classname="br.edu.exemplo.HeapTest" time="0.008"/>
  <testcase name="testReverseOrder" classname="br.edu.exemplo.HeapTest" time="0.001"/>
  <testcase name="testWithSpaces" classname="br.edu.exemplo.HeapTest" time="0.002"/>
  <testcase name="testCaseSensitive" classname="br.edu.exemplo.HeapTest" time="0.003"/>
  <testcase name="testSingleInput" classname="br.edu.exemplo.HeapTest" time="0.001"/>
  <testcase name="testNumeros" classname="br.edu.exemplo.HeapTest" time="0.002"/>
  <testcase name="testOrdenado" classname="br.edu.exemplo.HeapTest" time="0.001"/>
</testsuite>